<?xml version="1.0" encoding="UTF-8" ?>
<testsuite tests="25" failures="0" name="TestSuite" time="42.124" errors="0" skipped="0">
  <properties>
[...]
</properties>
  <testcase classname="TestAuthor" name="testAddPost" time="1.844"/>
  <testcase classname="TestAuthor" name="testLoginAuthor" time="0.007"/>
  <testcase classname="TestAuthor" name="testPublishPost" time="2.483"/>
  <testcase classname="TestAuthor" name="testToTrash" time="1.748"/>
  <testcase classname="TestContributer" name="testLoginContributer" time="2.067"/>
  <testcase classname="TestEditor" name="testAddPost" time="2.4"/>
  <testcase classname="TestEditor" name="testLoginEditor" time="0.009"/>
  <testcase classname="TestEditor" name="testPublish" time="2.305"/>
  <testcase classname="TestEditor" name="testToTrash" time="1.901"/>
  <testcase classname="TestSubscriber" name="testAddComment" time="1.999"/>
  <testcase classname="TestSubscriber" name="testLoginSubscriber" time="0.01"/>
  <testcase classname="TestWrongData" name="testAuthorWrongPassword" time="1.58"/>
  <testcase classname="TestWrongData" name="testAuthorWrongUsername" time="1.452"/>
  <testcase classname="TestWrongData" name="testAuthorWrongUsernameAndPassword" time="1.53"/>
  <testcase classname="TestWrongData" name="testContributerWrongPassword" time="1.623"/>
  <testcase classname="TestWrongData" name="testContributerWrongUsername" time="1.344"/>
  <testcase classname="TestWrongData" name="testContributerWrongUsernameAndPassword" time="1.446"/>
  <testcase classname="TestWrongData" name="testEditorWrongPassword" time="1.508"/>
  <testcase classname="TestWrongData" name="testEditorWrongUsername" time="1.395"/>
  <testcase classname="TestWrongData" name="testEditorWrongUsernameAndPassword" time="1.551"/>
  <testcase classname="TestWrongData" name="testSubscriberWrongPassword" time="1.594"/>
  <testcase classname="TestWrongData" name="testSubscriberWrongUsername" time="6.23"/>
  <testcase classname="TestWrongData" name="testSubscriberWrongUsernameAndPassword" time="0.998"/>
  <testcase classname="TestWrongData" name="testWithoutNickname" time="1.537"/>
  <testcase classname="TestWrongData" name="testWithoutPassword" time="1.563"/>
</testsuite>