<?xml version="1.0" encoding="UTF-8"?>
<!-- Generated by org.testng.reporters.JUnitXMLReporter -->
<testsuite hostname="ProBook" tests="25" failures="0" timestamp="18 Dec 2016 11:31:03 GMT" time="156.821" errors="0">
  <testcase name="testAddPost" time="1.843" classname="TestAuthor"/>
  <testcase name="testLoginAuthor" time="0.008" classname="TestAuthor"/>
  <testcase name="testPublishPost" time="2.483" classname="TestAuthor"/>
  <testcase name="testToTrash" time="1.749" classname="TestAuthor"/>
  <testcase name="testLoginContributer" time="2.068" classname="TestContributer"/>
  <testcase name="testAddPost" time="2.4" classname="TestEditor"/>
  <testcase name="testLoginEditor" time="0.011" classname="TestEditor"/>
  <testcase name="testPublish" time="2.305" classname="TestEditor"/>
  <testcase name="testToTrash" time="1.903" classname="TestEditor"/>
  <testcase name="testAddComment" time="2.0" classname="TestSubscriber"/>
  <testcase name="testLoginSubscriber" time="0.013" classname="TestSubscriber"/>
  <testcase name="testAuthorWrongPassword" time="1.581" classname="TestWrongData"/>
  <testcase name="testAuthorWrongUsername" time="1.451" classname="TestWrongData"/>
  <testcase name="testAuthorWrongUsernameAndPassword" time="1.54" classname="TestWrongData"/>
  <testcase name="testContributerWrongPassword" time="1.624" classname="TestWrongData"/>
  <testcase name="testContributerWrongUsername" time="1.345" classname="TestWrongData"/>
  <testcase name="testContributerWrongUsernameAndPassword" time="1.446" classname="TestWrongData"/>
  <testcase name="testEditorWrongPassword" time="1.507" classname="TestWrongData"/>
  <testcase name="testEditorWrongUsername" time="1.394" classname="TestWrongData"/>
  <testcase name="testEditorWrongUsernameAndPassword" time="1.555" classname="TestWrongData"/>
  <testcase name="testSubscriberWrongPassword" time="1.596" classname="TestWrongData"/>
  <testcase name="testSubscriberWrongUsername" time="6.23" classname="TestWrongData"/>
  <testcase name="testSubscriberWrongUsernameAndPassword" time="0.998" classname="TestWrongData"/>
  <testcase name="testWithoutNickname" time="1.537" classname="TestWrongData"/>
  <testcase name="testWithoutPassword" time="1.563" classname="TestWrongData"/>
</testsuite>
